Spark Command: /usr/lib/jvm/java-8-openjdk-amd64/jre/bin/java -cp /opt/spark-2.3.4-bin-hadoop2.7/conf/:/opt/spark-2.3.4-bin-hadoop2.7/jars/* -Xmx1g org.apache.spark.deploy.worker.Worker --webui-port 8081 spark://8f9ab6704ce0:7077
========================================
2021-09-05 16:14:29 INFO  Worker:2612 - Started daemon with process name: 2105@8f9ab6704ce0
2021-09-05 16:14:29 INFO  SignalUtils:54 - Registered signal handler for TERM
2021-09-05 16:14:29 INFO  SignalUtils:54 - Registered signal handler for HUP
2021-09-05 16:14:29 INFO  SignalUtils:54 - Registered signal handler for INT
2021-09-05 16:14:31 WARN  NativeCodeLoader:62 - Unable to load native-hadoop library for your platform... using builtin-java classes where applicable
2021-09-05 16:14:32 INFO  SecurityManager:54 - Changing view acls to: root
2021-09-05 16:14:32 INFO  SecurityManager:54 - Changing modify acls to: root
2021-09-05 16:14:32 INFO  SecurityManager:54 - Changing view acls groups to: 
2021-09-05 16:14:32 INFO  SecurityManager:54 - Changing modify acls groups to: 
2021-09-05 16:14:32 INFO  SecurityManager:54 - SecurityManager: authentication disabled; ui acls disabled; users  with view permissions: Set(root); groups with view permissions: Set(); users  with modify permissions: Set(root); groups with modify permissions: Set()
2021-09-05 16:14:33 INFO  Utils:54 - Successfully started service 'sparkWorker' on port 35909.
2021-09-05 16:14:34 INFO  Worker:54 - Starting Spark worker 172.18.0.2:35909 with 2 cores, 6.3 GB RAM
2021-09-05 16:14:34 INFO  Worker:54 - Running Spark version 2.3.4
2021-09-05 16:14:34 INFO  Worker:54 - Spark home: /opt/spark-2.3.4-bin-hadoop2.7
2021-09-05 16:14:34 INFO  log:192 - Logging initialized @8149ms
2021-09-05 16:14:35 INFO  Server:351 - jetty-9.3.z-SNAPSHOT, build timestamp: unknown, git hash: unknown
2021-09-05 16:14:35 INFO  Server:419 - Started @8450ms
2021-09-05 16:14:35 WARN  Utils:66 - Service 'WorkerUI' could not bind on port 8081. Attempting port 8082.
2021-09-05 16:14:35 WARN  Utils:66 - Service 'WorkerUI' could not bind on port 8082. Attempting port 8083.
2021-09-05 16:14:35 WARN  Utils:66 - Service 'WorkerUI' could not bind on port 8083. Attempting port 8084.
2021-09-05 16:14:35 INFO  AbstractConnector:278 - Started ServerConnector@9b731f1{HTTP/1.1,[http/1.1]}{0.0.0.0:8084}
2021-09-05 16:14:35 INFO  Utils:54 - Successfully started service 'WorkerUI' on port 8084.
2021-09-05 16:14:35 INFO  ContextHandler:781 - Started o.s.j.s.ServletContextHandler@39bb8d03{/logPage,null,AVAILABLE,@Spark}
2021-09-05 16:14:35 INFO  ContextHandler:781 - Started o.s.j.s.ServletContextHandler@482d63dc{/logPage/json,null,AVAILABLE,@Spark}
2021-09-05 16:14:35 INFO  ContextHandler:781 - Started o.s.j.s.ServletContextHandler@64964b7{/,null,AVAILABLE,@Spark}
2021-09-05 16:14:35 INFO  ContextHandler:781 - Started o.s.j.s.ServletContextHandler@4e22c94d{/json,null,AVAILABLE,@Spark}
2021-09-05 16:14:35 INFO  ContextHandler:781 - Started o.s.j.s.ServletContextHandler@6db270d6{/static,null,AVAILABLE,@Spark}
2021-09-05 16:14:35 INFO  ContextHandler:781 - Started o.s.j.s.ServletContextHandler@709c5609{/log,null,AVAILABLE,@Spark}
2021-09-05 16:14:35 INFO  WorkerWebUI:54 - Bound WorkerWebUI to 0.0.0.0, and started at http://8f9ab6704ce0:8084
2021-09-05 16:14:35 INFO  Worker:54 - Connecting to master 8f9ab6704ce0:7077...
2021-09-05 16:14:35 INFO  ContextHandler:781 - Started o.s.j.s.ServletContextHandler@58f3c571{/metrics/json,null,AVAILABLE,@Spark}
2021-09-05 16:14:35 INFO  TransportClientFactory:267 - Successfully created connection to 8f9ab6704ce0/172.18.0.2:7077 after 220 ms (0 ms spent in bootstraps)
2021-09-05 16:14:36 INFO  Worker:54 - Successfully registered with master spark://8f9ab6704ce0:7077
