Spark Command: /usr/lib/jvm/java-8-openjdk-amd64/jre/bin/java -cp /opt/spark-2.3.4-bin-hadoop2.7/conf/:/opt/spark-2.3.4-bin-hadoop2.7/jars/* -Xmx1g org.apache.spark.deploy.worker.Worker --webui-port 8081 spark://04cc2537d686:7077
========================================
2021-09-05 20:35:26 INFO  Worker:2612 - Started daemon with process name: 1658@04cc2537d686
2021-09-05 20:35:26 INFO  SignalUtils:54 - Registered signal handler for TERM
2021-09-05 20:35:26 INFO  SignalUtils:54 - Registered signal handler for HUP
2021-09-05 20:35:26 INFO  SignalUtils:54 - Registered signal handler for INT
2021-09-05 20:35:28 WARN  NativeCodeLoader:62 - Unable to load native-hadoop library for your platform... using builtin-java classes where applicable
2021-09-05 20:35:28 INFO  SecurityManager:54 - Changing view acls to: root
2021-09-05 20:35:28 INFO  SecurityManager:54 - Changing modify acls to: root
2021-09-05 20:35:28 INFO  SecurityManager:54 - Changing view acls groups to: 
2021-09-05 20:35:28 INFO  SecurityManager:54 - Changing modify acls groups to: 
2021-09-05 20:35:28 INFO  SecurityManager:54 - SecurityManager: authentication disabled; ui acls disabled; users  with view permissions: Set(root); groups with view permissions: Set(); users  with modify permissions: Set(root); groups with modify permissions: Set()
2021-09-05 20:35:30 INFO  Utils:54 - Successfully started service 'sparkWorker' on port 38541.
2021-09-05 20:35:30 INFO  Worker:54 - Starting Spark worker 172.18.0.2:38541 with 2 cores, 6.3 GB RAM
2021-09-05 20:35:30 INFO  Worker:54 - Running Spark version 2.3.4
2021-09-05 20:35:30 INFO  Worker:54 - Spark home: /opt/spark-2.3.4-bin-hadoop2.7
2021-09-05 20:35:31 INFO  log:192 - Logging initialized @6963ms
2021-09-05 20:35:31 INFO  Server:351 - jetty-9.3.z-SNAPSHOT, build timestamp: unknown, git hash: unknown
2021-09-05 20:35:31 INFO  Server:419 - Started @7254ms
2021-09-05 20:35:31 WARN  Utils:66 - Service 'WorkerUI' could not bind on port 8081. Attempting port 8082.
2021-09-05 20:35:31 WARN  Utils:66 - Service 'WorkerUI' could not bind on port 8082. Attempting port 8083.
2021-09-05 20:35:31 WARN  Utils:66 - Service 'WorkerUI' could not bind on port 8083. Attempting port 8084.
2021-09-05 20:35:31 INFO  AbstractConnector:278 - Started ServerConnector@6a8c1185{HTTP/1.1,[http/1.1]}{0.0.0.0:8084}
2021-09-05 20:35:31 INFO  Utils:54 - Successfully started service 'WorkerUI' on port 8084.
2021-09-05 20:35:31 INFO  ContextHandler:781 - Started o.s.j.s.ServletContextHandler@3ccd852{/logPage,null,AVAILABLE,@Spark}
2021-09-05 20:35:31 INFO  ContextHandler:781 - Started o.s.j.s.ServletContextHandler@1a15c4ad{/logPage/json,null,AVAILABLE,@Spark}
2021-09-05 20:35:31 INFO  ContextHandler:781 - Started o.s.j.s.ServletContextHandler@450e8ec{/,null,AVAILABLE,@Spark}
2021-09-05 20:35:31 INFO  ContextHandler:781 - Started o.s.j.s.ServletContextHandler@781ac443{/json,null,AVAILABLE,@Spark}
2021-09-05 20:35:31 INFO  ContextHandler:781 - Started o.s.j.s.ServletContextHandler@4c9e5741{/static,null,AVAILABLE,@Spark}
2021-09-05 20:35:31 INFO  ContextHandler:781 - Started o.s.j.s.ServletContextHandler@69e8ffdb{/log,null,AVAILABLE,@Spark}
2021-09-05 20:35:31 INFO  WorkerWebUI:54 - Bound WorkerWebUI to 0.0.0.0, and started at http://04cc2537d686:8084
2021-09-05 20:35:31 INFO  Worker:54 - Connecting to master 04cc2537d686:7077...
2021-09-05 20:35:31 INFO  ContextHandler:781 - Started o.s.j.s.ServletContextHandler@69fe5de{/metrics/json,null,AVAILABLE,@Spark}
2021-09-05 20:35:32 INFO  TransportClientFactory:267 - Successfully created connection to 04cc2537d686/172.18.0.2:7077 after 212 ms (0 ms spent in bootstraps)
2021-09-05 20:35:32 INFO  Worker:54 - Successfully registered with master spark://04cc2537d686:7077
