Spark Command: /usr/lib/jvm/java-8-openjdk-amd64/jre/bin/java -cp /opt/spark-2.3.4-bin-hadoop2.7/conf/:/opt/spark-2.3.4-bin-hadoop2.7/jars/* -Xmx1g org.apache.spark.deploy.master.Master --host 8f9ab6704ce0 --port 7077 --webui-port 8080
========================================
2021-09-05 16:11:00 INFO  Master:2612 - Started daemon with process name: 2037@8f9ab6704ce0
2021-09-05 16:11:00 INFO  SignalUtils:54 - Registered signal handler for TERM
2021-09-05 16:11:00 INFO  SignalUtils:54 - Registered signal handler for HUP
2021-09-05 16:11:00 INFO  SignalUtils:54 - Registered signal handler for INT
2021-09-05 16:11:02 WARN  NativeCodeLoader:62 - Unable to load native-hadoop library for your platform... using builtin-java classes where applicable
2021-09-05 16:11:02 INFO  SecurityManager:54 - Changing view acls to: root
2021-09-05 16:11:02 INFO  SecurityManager:54 - Changing modify acls to: root
2021-09-05 16:11:02 INFO  SecurityManager:54 - Changing view acls groups to: 
2021-09-05 16:11:02 INFO  SecurityManager:54 - Changing modify acls groups to: 
2021-09-05 16:11:02 INFO  SecurityManager:54 - SecurityManager: authentication disabled; ui acls disabled; users  with view permissions: Set(root); groups with view permissions: Set(); users  with modify permissions: Set(root); groups with modify permissions: Set()
2021-09-05 16:11:04 INFO  Utils:54 - Successfully started service 'sparkMaster' on port 7077.
2021-09-05 16:11:05 INFO  Master:54 - Starting Spark master at spark://8f9ab6704ce0:7077
2021-09-05 16:11:05 INFO  Master:54 - Running Spark version 2.3.4
2021-09-05 16:11:05 INFO  log:192 - Logging initialized @8649ms
2021-09-05 16:11:05 INFO  Server:351 - jetty-9.3.z-SNAPSHOT, build timestamp: unknown, git hash: unknown
2021-09-05 16:11:05 INFO  Server:419 - Started @9072ms
2021-09-05 16:11:06 INFO  AbstractConnector:278 - Started ServerConnector@63126d5a{HTTP/1.1,[http/1.1]}{0.0.0.0:8080}
2021-09-05 16:11:06 INFO  Utils:54 - Successfully started service 'MasterUI' on port 8080.
2021-09-05 16:11:06 INFO  ContextHandler:781 - Started o.s.j.s.ServletContextHandler@12956a7a{/app,null,AVAILABLE,@Spark}
2021-09-05 16:11:06 INFO  ContextHandler:781 - Started o.s.j.s.ServletContextHandler@7dd14050{/app/json,null,AVAILABLE,@Spark}
2021-09-05 16:11:06 INFO  ContextHandler:781 - Started o.s.j.s.ServletContextHandler@274f5fa3{/,null,AVAILABLE,@Spark}
2021-09-05 16:11:06 INFO  ContextHandler:781 - Started o.s.j.s.ServletContextHandler@4f9441d5{/json,null,AVAILABLE,@Spark}
2021-09-05 16:11:06 INFO  ContextHandler:781 - Started o.s.j.s.ServletContextHandler@38b04bb7{/static,null,AVAILABLE,@Spark}
2021-09-05 16:11:06 INFO  ContextHandler:781 - Started o.s.j.s.ServletContextHandler@6bbf0169{/app/kill,null,AVAILABLE,@Spark}
2021-09-05 16:11:06 INFO  ContextHandler:781 - Started o.s.j.s.ServletContextHandler@73ef2c4e{/driver/kill,null,AVAILABLE,@Spark}
2021-09-05 16:11:06 INFO  MasterWebUI:54 - Bound MasterWebUI to 0.0.0.0, and started at http://8f9ab6704ce0:8080
2021-09-05 16:11:06 INFO  Server:351 - jetty-9.3.z-SNAPSHOT, build timestamp: unknown, git hash: unknown
2021-09-05 16:11:06 INFO  ContextHandler:781 - Started o.s.j.s.ServletContextHandler@29268b3d{/,null,AVAILABLE}
2021-09-05 16:11:06 INFO  AbstractConnector:278 - Started ServerConnector@3ba0bd4e{HTTP/1.1,[http/1.1]}{8f9ab6704ce0:6066}
2021-09-05 16:11:06 INFO  Server:419 - Started @9766ms
2021-09-05 16:11:06 INFO  Utils:54 - Successfully started service on port 6066.
2021-09-05 16:11:06 INFO  StandaloneRestServer:54 - Started REST server for submitting applications on port 6066
2021-09-05 16:11:07 INFO  ContextHandler:781 - Started o.s.j.s.ServletContextHandler@c91f3fb{/metrics/master/json,null,AVAILABLE,@Spark}
2021-09-05 16:11:07 INFO  ContextHandler:781 - Started o.s.j.s.ServletContextHandler@f57854a{/metrics/applications/json,null,AVAILABLE,@Spark}
2021-09-05 16:11:07 INFO  Master:54 - I have been elected leader! New state: ALIVE
2021-09-05 16:14:36 INFO  Master:54 - Registering worker 172.18.0.2:35909 with 2 cores, 6.3 GB RAM
